{"level":"info","message":"Hello, Winston!","service":"user-service"}
{"level":"info","message":"GET /login","service":"user-service"}
{"level":"error","message":"404 - Not Found - /login - GET - ::1","service":"user-service"}
{"level":"info","message":"GET /login","service":"user-service"}
{"level":"error","message":"404 - Not Found - /login - GET - ::1","service":"user-service"}
{"level":"info","message":"Hello, Winston!","service":"user-service"}
{"level":"info","message":"GET /register","service":"user-service"}
{"level":"error","message":"404 - Not Found - /register - GET - ::1","service":"user-service"}
{"level":"info","message":"GET /register","service":"user-service"}
{"level":"error","message":"404 - Not Found - /register - GET - ::1","service":"user-service"}
{"level":"info","message":"Hello, Winston!","service":"user-service"}
{"level":"info","message":"GET /login","service":"user-service"}
{"level":"error","message":"404 - Not Found - /login - GET - ::1","service":"user-service"}
{"level":"info","message":"GET /login","service":"user-service"}
{"level":"error","message":"404 - Not Found - /login - GET - ::1","service":"user-service"}
{"level":"info","message":"GET /register","service":"user-service"}
{"level":"error","message":"404 - Not Found - /register - GET - ::1","service":"user-service"}
{"level":"info","message":"Hello, Winston!","service":"user-service"}
{"level":"info","message":"GET /login","service":"user-service"}
{"level":"info","message":"POST /login","service":"user-service"}
{"level":"info","message":"Hello, Winston!","service":"user-service"}
{"level":"info","message":"Hello, Winston!","service":"user-service"}
{"level":"info","message":"Hello, Winston!","service":"user-service"}
{"level":"info","message":"GET /login","service":"user-service"}
{"level":"info","message":"GET /favicon.ico","service":"user-service"}
{"level":"error","message":"404 - Not Found - /favicon.ico - GET - ::1","service":"user-service"}
{"level":"info","message":"POST /login","service":"user-service"}
{"level":"info","message":"GET /login","service":"user-service"}
{"level":"info","message":"POST /login","service":"user-service"}
{"level":"info","message":"Hello, Winston!","service":"user-service"}
{"level":"info","message":"Hello, Winston!","service":"user-service"}
{"level":"info","message":"Hello, Winston!","service":"user-service"}
{"level":"info","message":"Hello, Winston!","service":"user-service"}
{"level":"info","message":"Hello, Winston!","service":"user-service"}
{"level":"info","message":"Hello, Winston!","service":"user-service"}
{"level":"info","message":"Hello, Winston!","service":"user-service"}
{"level":"info","message":"Hello, Winston!","service":"user-service"}
{"level":"info","message":"Hello, Winston!","service":"user-service"}
{"level":"info","message":"Hello, Winston!","service":"user-service"}
{"level":"info","message":"Hello, Winston!","service":"user-service"}
{"level":"info","message":"Hello, Winston!","service":"user-service"}
{"level":"info","message":"Hello, Winston!","service":"user-service"}
{"level":"info","message":"Hello, Winston!","service":"user-service"}
{"level":"info","message":"GET /","service":"user-service"}
{"level":"error","message":"404 - Not Found - / - GET - ::1","service":"user-service"}
{"level":"info","message":"Hello, Winston!","service":"user-service"}
{"level":"info","message":"Hello, Winston!","service":"user-service"}
{"level":"info","message":"Hello, Winston!","service":"user-service"}
{"level":"info","message":"Hello, Winston!","service":"user-service"}
{"level":"info","message":"Hello, Winston!","service":"user-service"}
{"level":"info","message":"Starting application","service":"user-service"}
{"level":"info","message":"Connected to MongoDB","service":"user-service"}
{"level":"info","message":"Server is running on port 3000","service":"user-service"}
{"level":"info","message":"Deserializing user","service":"user-service"}
{"level":"info","message":"Deserializing user","service":"user-service"}
{"level":"info","message":"Request received: GET /login","service":"user-service"}
{"level":"info","message":"GET /login","service":"user-service"}
{"level":"info","message":"Request received: GET /login","service":"user-service"}
{"level":"info","message":"GET /login","service":"user-service"}
{"level":"info","message":"Request received: GET /register","service":"user-service"}
{"level":"info","message":"GET /register","service":"user-service"}
{"level":"info","message":"Request received: GET /login","service":"user-service"}
{"level":"info","message":"GET /login","service":"user-service"}
{"level":"info","message":"Deserializing user","service":"user-service"}
{"level":"info","message":"Request received: GET /","service":"user-service"}
{"level":"error","message":"404 - Not Found - / - GET - ::1","service":"user-service"}
{"level":"info","message":"Request received: GET /","service":"user-service"}
{"level":"error","message":"404 - Not Found - / - GET - ::1","service":"user-service"}
{"level":"info","message":"Request received: GET /","service":"user-service"}
{"level":"error","message":"404 - Not Found - / - GET - ::1","service":"user-service"}
{"level":"info","message":"Request received: GET /login","service":"user-service"}
{"level":"info","message":"GET /login","service":"user-service"}
{"level":"info","message":"Request received: GET /login","service":"user-service"}
{"level":"info","message":"GET /login","service":"user-service"}
{"level":"info","message":"Request received: GET /","service":"user-service"}
{"level":"error","message":"404 - Not Found - / - GET - ::1","service":"user-service"}
{"level":"info","message":"Request received: GET /","service":"user-service"}
{"level":"error","message":"404 - Not Found - / - GET - ::1","service":"user-service"}
{"level":"info","message":"Request received: GET /","service":"user-service"}
{"level":"error","message":"404 - Not Found - / - GET - ::1","service":"user-service"}
{"level":"info","message":"Request received: GET /login","service":"user-service"}
{"level":"info","message":"GET /login","service":"user-service"}
{"level":"info","message":"Request received: GET /login","service":"user-service"}
{"level":"info","message":"GET /login","service":"user-service"}
{"level":"info","message":"Request received: POST /login","service":"user-service"}
{"level":"info","message":"POST /login","service":"user-service"}
{"level":"info","message":"Authentication successful","service":"user-service"}
{"level":"info","message":"Serializing user","service":"user-service"}
{"level":"info","message":"User logged in successfully","service":"user-service"}
{"level":"info","message":"Deserializing user","service":"user-service"}
{"level":"info","message":"Request received: GET /","service":"user-service"}
{"level":"error","message":"404 - Not Found - / - GET - ::1","service":"user-service"}
{"level":"info","message":"Deserializing user","service":"user-service"}
{"level":"info","message":"Starting application","service":"user-service"}
{"level":"info","message":"Connected to MongoDB","service":"user-service"}
{"level":"info","message":"Server is running on port 3000","service":"user-service"}
{"level":"info","message":"Request received: GET /login","service":"user-service"}
{"level":"info","message":"GET /login","service":"user-service"}
{"level":"info","message":"Request received: GET /","service":"user-service"}
{"level":"error","message":"404 - Not Found - / - GET - ::1","service":"user-service"}
{"level":"info","message":"Deserializing user","service":"user-service"}
{"level":"info","message":"Deserializing user","service":"user-service"}
{"level":"info","message":"Deserializing user","service":"user-service"}
{"level":"info","message":"Request received: GET /","service":"user-service"}
{"level":"error","message":"404 - Not Found - / - GET - ::1","service":"user-service"}
{"level":"info","message":"Request received: GET /","service":"user-service"}
{"level":"error","message":"404 - Not Found - / - GET - ::1","service":"user-service"}
{"level":"info","message":"Request received: GET /","service":"user-service"}
{"level":"error","message":"404 - Not Found - / - GET - ::1","service":"user-service"}
{"level":"info","message":"Starting application","service":"user-service"}
{"level":"info","message":"Connected to MongoDB","service":"user-service"}
{"level":"info","message":"Server is running on port 3000","service":"user-service"}
{"level":"info","message":"Request received: GET /","service":"user-service"}
{"level":"info","message":"GET /","service":"user-service"}
{"level":"info","message":"Request received: GET /login","service":"user-service"}
{"level":"info","message":"GET /login","service":"user-service"}
{"level":"info","message":"Request received: GET /register","service":"user-service"}
{"level":"info","message":"GET /register","service":"user-service"}
{"level":"info","message":"Deserializing user","service":"user-service"}
{"level":"info","message":"Request received: GET /register","service":"user-service"}
{"level":"info","message":"GET /register","service":"user-service"}
{"level":"info","message":"Request received: GET /login","service":"user-service"}
{"level":"info","message":"GET /login","service":"user-service"}
{"level":"info","message":"Request received: GET /register","service":"user-service"}
{"level":"info","message":"GET /register","service":"user-service"}
{"level":"info","message":"Request received: GET /login","service":"user-service"}
{"level":"info","message":"GET /login","service":"user-service"}
{"level":"info","message":"Request received: GET /register","service":"user-service"}
{"level":"info","message":"GET /register","service":"user-service"}
{"level":"info","message":"Request received: GET /login","service":"user-service"}
{"level":"info","message":"GET /login","service":"user-service"}
{"level":"info","message":"Request received: GET /register","service":"user-service"}
{"level":"info","message":"GET /register","service":"user-service"}
{"level":"info","message":"Request received: GET /login","service":"user-service"}
{"level":"info","message":"GET /login","service":"user-service"}
{"level":"info","message":"Request received: GET /register","service":"user-service"}
{"level":"info","message":"GET /register","service":"user-service"}
{"level":"info","message":"Request received: POST /register","service":"user-service"}
{"level":"info","message":"POST /register","service":"user-service"}
{"level":"info","message":"User registered successfully","service":"user-service"}
{"level":"info","message":"Request received: GET /login","service":"user-service"}
{"level":"info","message":"GET /login","service":"user-service"}
{"level":"info","message":"Deserializing user","service":"user-service"}
{"level":"info","message":"Deserializing user","service":"user-service"}
{"level":"info","message":"Deserializing user","service":"user-service"}
{"level":"info","message":"Request received: GET /register","service":"user-service"}
{"level":"info","message":"GET /register","service":"user-service"}
{"level":"info","message":"Request received: POST /login","service":"user-service"}
{"level":"info","message":"POST /login","service":"user-service"}
{"level":"info","message":"Authentication successful","service":"user-service"}
{"level":"info","message":"Serializing user","service":"user-service"}
{"level":"info","message":"User logged in successfully","service":"user-service"}
{"level":"info","message":"Deserializing user","service":"user-service"}
{"level":"info","message":"Deserializing user","service":"user-service"}
{"level":"info","message":"Request received: GET /register","service":"user-service"}
{"level":"info","message":"GET /register","service":"user-service"}
{"level":"info","message":"Deserializing user","service":"user-service"}
{"level":"info","message":"Request received: GET /login","service":"user-service"}
{"level":"info","message":"GET /login","service":"user-service"}
{"level":"info","message":"Request received: GET /login","service":"user-service"}
{"level":"info","message":"GET /login","service":"user-service"}
{"level":"info","message":"Request received: GET /login","service":"user-service"}
{"level":"info","message":"GET /login","service":"user-service"}
{"level":"info","message":"Request received: GET /register","service":"user-service"}
{"level":"info","message":"GET /register","service":"user-service"}
{"level":"info","message":"Request received: GET /login","service":"user-service"}
{"level":"info","message":"GET /login","service":"user-service"}
{"level":"info","message":"Request received: GET /register","service":"user-service"}
{"level":"info","message":"GET /register","service":"user-service"}
{"level":"info","message":"Request received: GET /login","service":"user-service"}
{"level":"info","message":"GET /login","service":"user-service"}
{"level":"info","message":"Request received: GET /register","service":"user-service"}
{"level":"info","message":"GET /register","service":"user-service"}
{"level":"info","message":"Request received: GET /login","service":"user-service"}
{"level":"info","message":"GET /login","service":"user-service"}
{"level":"info","message":"Request received: GET /register","service":"user-service"}
{"level":"info","message":"GET /register","service":"user-service"}
{"level":"info","message":"Request received: GET /login","service":"user-service"}
{"level":"info","message":"GET /login","service":"user-service"}
{"level":"info","message":"Request received: GET /register","service":"user-service"}
{"level":"info","message":"GET /register","service":"user-service"}
{"level":"info","message":"Request received: GET /login","service":"user-service"}
{"level":"info","message":"GET /login","service":"user-service"}
{"level":"info","message":"Request received: GET /register","service":"user-service"}
{"level":"info","message":"GET /register","service":"user-service"}
{"level":"info","message":"Request received: GET /login","service":"user-service"}
{"level":"info","message":"GET /login","service":"user-service"}
{"level":"info","message":"Request received: GET /register","service":"user-service"}
{"level":"info","message":"GET /register","service":"user-service"}
{"level":"info","message":"Request received: GET /register","service":"user-service"}
{"level":"info","message":"GET /register","service":"user-service"}
{"level":"info","message":"Request received: GET /login","service":"user-service"}
{"level":"info","message":"GET /login","service":"user-service"}
{"level":"info","message":"Request received: GET /register","service":"user-service"}
{"level":"info","message":"GET /register","service":"user-service"}
{"level":"info","message":"Request received: GET /login","service":"user-service"}
{"level":"info","message":"GET /login","service":"user-service"}
{"level":"info","message":"Request received: GET /register","service":"user-service"}
{"level":"info","message":"GET /register","service":"user-service"}
{"level":"info","message":"Request received: GET /login","service":"user-service"}
{"level":"info","message":"GET /login","service":"user-service"}
{"level":"info","message":"Request received: GET /register","service":"user-service"}
{"level":"info","message":"GET /register","service":"user-service"}
{"level":"info","message":"Request received: GET /login","service":"user-service"}
{"level":"info","message":"GET /login","service":"user-service"}
{"level":"info","message":"Request received: GET /register","service":"user-service"}
{"level":"info","message":"GET /register","service":"user-service"}
{"level":"info","message":"Request received: GET /login","service":"user-service"}
{"level":"info","message":"GET /login","service":"user-service"}
{"level":"info","message":"Request received: GET /register","service":"user-service"}
{"level":"info","message":"GET /register","service":"user-service"}
{"level":"info","message":"Request received: GET /login","service":"user-service"}
{"level":"info","message":"GET /login","service":"user-service"}
{"level":"info","message":"Request received: GET /register","service":"user-service"}
{"level":"info","message":"GET /register","service":"user-service"}
{"level":"info","message":"Request received: GET /register","service":"user-service"}
{"level":"info","message":"GET /register","service":"user-service"}
{"level":"info","message":"Request received: GET /login","service":"user-service"}
{"level":"info","message":"GET /login","service":"user-service"}
{"level":"info","message":"Request received: GET /register","service":"user-service"}
{"level":"info","message":"GET /register","service":"user-service"}
{"level":"info","message":"Request received: GET /login","service":"user-service"}
{"level":"info","message":"GET /login","service":"user-service"}
{"level":"info","message":"Request received: GET /register","service":"user-service"}
{"level":"info","message":"GET /register","service":"user-service"}
{"level":"info","message":"Request received: GET /login","service":"user-service"}
{"level":"info","message":"GET /login","service":"user-service"}
{"level":"info","message":"Request received: GET /register","service":"user-service"}
{"level":"info","message":"GET /register","service":"user-service"}
{"level":"info","message":"Request received: GET /login","service":"user-service"}
{"level":"info","message":"GET /login","service":"user-service"}
{"level":"info","message":"Request received: GET /register","service":"user-service"}
{"level":"info","message":"GET /register","service":"user-service"}
{"level":"info","message":"Request received: GET /login","service":"user-service"}
{"level":"info","message":"GET /login","service":"user-service"}
{"level":"info","message":"Request received: GET /register","service":"user-service"}
{"level":"info","message":"GET /register","service":"user-service"}
{"level":"info","message":"Request received: GET /login","service":"user-service"}
{"level":"info","message":"GET /login","service":"user-service"}
{"level":"info","message":"Request received: GET /register","service":"user-service"}
{"level":"info","message":"GET /register","service":"user-service"}
{"level":"info","message":"Request received: GET /login","service":"user-service"}
{"level":"info","message":"GET /login","service":"user-service"}
{"level":"info","message":"Request received: GET /register","service":"user-service"}
{"level":"info","message":"GET /register","service":"user-service"}
{"level":"info","message":"Request received: GET /login","service":"user-service"}
{"level":"info","message":"GET /login","service":"user-service"}
{"level":"info","message":"Request received: GET /register","service":"user-service"}
{"level":"info","message":"GET /register","service":"user-service"}
{"level":"info","message":"Request received: GET /login","service":"user-service"}
{"level":"info","message":"GET /login","service":"user-service"}
{"level":"info","message":"Request received: GET /register","service":"user-service"}
{"level":"info","message":"GET /register","service":"user-service"}
{"level":"info","message":"Request received: GET /login","service":"user-service"}
{"level":"info","message":"GET /login","service":"user-service"}
{"level":"info","message":"Request received: GET /login","service":"user-service"}
{"level":"info","message":"GET /login","service":"user-service"}
{"level":"info","message":"Request received: GET /login","service":"user-service"}
{"level":"info","message":"GET /login","service":"user-service"}
{"level":"info","message":"Request received: GET /register","service":"user-service"}
{"level":"info","message":"GET /register","service":"user-service"}
{"level":"info","message":"Request received: GET /login","service":"user-service"}
{"level":"info","message":"GET /login","service":"user-service"}
{"level":"info","message":"Request received: GET /register","service":"user-service"}
{"level":"info","message":"GET /register","service":"user-service"}
{"level":"info","message":"Request received: GET /login","service":"user-service"}
{"level":"info","message":"GET /login","service":"user-service"}
{"level":"info","message":"Request received: GET /register","service":"user-service"}
{"level":"info","message":"GET /register","service":"user-service"}
{"level":"info","message":"Request received: GET /login","service":"user-service"}
{"level":"info","message":"GET /login","service":"user-service"}
{"level":"info","message":"Request received: GET /register","service":"user-service"}
{"level":"info","message":"GET /register","service":"user-service"}
{"level":"info","message":"Request received: GET /login","service":"user-service"}
{"level":"info","message":"GET /login","service":"user-service"}
{"level":"info","message":"Request received: GET /register","service":"user-service"}
{"level":"info","message":"GET /register","service":"user-service"}
{"level":"info","message":"Request received: GET /login","service":"user-service"}
{"level":"info","message":"GET /login","service":"user-service"}
{"level":"info","message":"Request received: GET /register","service":"user-service"}
{"level":"info","message":"GET /register","service":"user-service"}
{"level":"info","message":"Request received: GET /login","service":"user-service"}
{"level":"info","message":"GET /login","service":"user-service"}
{"level":"info","message":"Request received: GET /register","service":"user-service"}
{"level":"info","message":"GET /register","service":"user-service"}
{"level":"info","message":"Request received: GET /login","service":"user-service"}
{"level":"info","message":"GET /login","service":"user-service"}
{"level":"info","message":"Request received: GET /register","service":"user-service"}
{"level":"info","message":"GET /register","service":"user-service"}
{"level":"info","message":"Request received: GET /login","service":"user-service"}
{"level":"info","message":"GET /login","service":"user-service"}
{"level":"info","message":"Request received: GET /register","service":"user-service"}
{"level":"info","message":"GET /register","service":"user-service"}
{"level":"info","message":"Request received: GET /login","service":"user-service"}
{"level":"info","message":"GET /login","service":"user-service"}
{"level":"info","message":"Request received: GET /login","service":"user-service"}
{"level":"info","message":"GET /login","service":"user-service"}
{"level":"info","message":"Request received: GET /register","service":"user-service"}
{"level":"info","message":"GET /register","service":"user-service"}
{"level":"info","message":"Request received: GET /login","service":"user-service"}
{"level":"info","message":"GET /login","service":"user-service"}
{"level":"info","message":"Request received: GET /register","service":"user-service"}
{"level":"info","message":"GET /register","service":"user-service"}
{"level":"info","message":"Request received: GET /login","service":"user-service"}
{"level":"info","message":"GET /login","service":"user-service"}
{"level":"info","message":"Request received: GET /register","service":"user-service"}
{"level":"info","message":"GET /register","service":"user-service"}
{"level":"info","message":"Request received: GET /login","service":"user-service"}
{"level":"info","message":"GET /login","service":"user-service"}
{"level":"info","message":"Request received: GET /register","service":"user-service"}
{"level":"info","message":"GET /register","service":"user-service"}
{"level":"info","message":"Request received: GET /login","service":"user-service"}
{"level":"info","message":"GET /login","service":"user-service"}
{"level":"info","message":"Request received: GET /register","service":"user-service"}
{"level":"info","message":"GET /register","service":"user-service"}
{"level":"info","message":"Request received: GET /login","service":"user-service"}
{"level":"info","message":"GET /login","service":"user-service"}
{"level":"info","message":"Request received: GET /register","service":"user-service"}
{"level":"info","message":"GET /register","service":"user-service"}
{"level":"info","message":"Request received: GET /login","service":"user-service"}
{"level":"info","message":"GET /login","service":"user-service"}
{"level":"info","message":"Request received: GET /register","service":"user-service"}
{"level":"info","message":"GET /register","service":"user-service"}
{"level":"info","message":"Request received: GET /login","service":"user-service"}
{"level":"info","message":"GET /login","service":"user-service"}
{"level":"info","message":"Request received: GET /register","service":"user-service"}
{"level":"info","message":"GET /register","service":"user-service"}
{"level":"info","message":"Request received: GET /login","service":"user-service"}
{"level":"info","message":"GET /login","service":"user-service"}
{"level":"info","message":"Request received: GET /register","service":"user-service"}
{"level":"info","message":"GET /register","service":"user-service"}
{"level":"info","message":"Request received: GET /login","service":"user-service"}
{"level":"info","message":"GET /login","service":"user-service"}
{"level":"info","message":"Request received: GET /register","service":"user-service"}
{"level":"info","message":"GET /register","service":"user-service"}
{"level":"info","message":"Request received: GET /login","service":"user-service"}
{"level":"info","message":"GET /login","service":"user-service"}
{"level":"info","message":"Request received: GET /register","service":"user-service"}
{"level":"info","message":"GET /register","service":"user-service"}
{"level":"info","message":"Request received: GET /register","service":"user-service"}
{"level":"info","message":"GET /register","service":"user-service"}
{"level":"info","message":"Request received: GET /login","service":"user-service"}
{"level":"info","message":"GET /login","service":"user-service"}
{"level":"info","message":"Request received: GET /register","service":"user-service"}
{"level":"info","message":"GET /register","service":"user-service"}
{"level":"info","message":"Request received: GET /login","service":"user-service"}
{"level":"info","message":"GET /login","service":"user-service"}
{"level":"info","message":"Request received: GET /register","service":"user-service"}
{"level":"info","message":"GET /register","service":"user-service"}
{"level":"info","message":"Request received: GET /login","service":"user-service"}
{"level":"info","message":"GET /login","service":"user-service"}
{"level":"info","message":"Request received: GET /register","service":"user-service"}
{"level":"info","message":"GET /register","service":"user-service"}
{"level":"info","message":"Request received: GET /login","service":"user-service"}
{"level":"info","message":"GET /login","service":"user-service"}
{"level":"info","message":"Request received: GET /register","service":"user-service"}
{"level":"info","message":"GET /register","service":"user-service"}
{"level":"info","message":"Request received: GET /login","service":"user-service"}
{"level":"info","message":"GET /login","service":"user-service"}
{"level":"info","message":"Request received: GET /register","service":"user-service"}
{"level":"info","message":"GET /register","service":"user-service"}
{"level":"info","message":"Request received: GET /login","service":"user-service"}
{"level":"info","message":"GET /login","service":"user-service"}
{"level":"info","message":"Request received: GET /register","service":"user-service"}
{"level":"info","message":"GET /register","service":"user-service"}
{"level":"info","message":"Request received: GET /login","service":"user-service"}
{"level":"info","message":"GET /login","service":"user-service"}
{"level":"info","message":"Request received: GET /register","service":"user-service"}
{"level":"info","message":"GET /register","service":"user-service"}
{"level":"info","message":"Request received: GET /login","service":"user-service"}
{"level":"info","message":"GET /login","service":"user-service"}
{"level":"info","message":"Request received: GET /register","service":"user-service"}
{"level":"info","message":"GET /register","service":"user-service"}
{"level":"info","message":"Request received: GET /register","service":"user-service"}
{"level":"info","message":"GET /register","service":"user-service"}
{"level":"info","message":"Request received: GET /register","service":"user-service"}
{"level":"info","message":"GET /register","service":"user-service"}
{"level":"info","message":"Request received: GET /register","service":"user-service"}
{"level":"info","message":"GET /register","service":"user-service"}
{"level":"info","message":"Request received: GET /register","service":"user-service"}
{"level":"info","message":"GET /register","service":"user-service"}
{"level":"info","message":"Request received: GET /register","service":"user-service"}
{"level":"info","message":"GET /register","service":"user-service"}
{"level":"info","message":"Request received: GET /register","service":"user-service"}
{"level":"info","message":"GET /register","service":"user-service"}
{"level":"info","message":"Request received: GET /register","service":"user-service"}
{"level":"info","message":"GET /register","service":"user-service"}
{"level":"info","message":"Request received: GET /login","service":"user-service"}
{"level":"info","message":"GET /login","service":"user-service"}
{"level":"info","message":"Request received: GET /register","service":"user-service"}
{"level":"info","message":"GET /register","service":"user-service"}
{"level":"info","message":"Request received: GET /login","service":"user-service"}
{"level":"info","message":"GET /login","service":"user-service"}
{"level":"info","message":"Request received: GET /login","service":"user-service"}
{"level":"info","message":"GET /login","service":"user-service"}
{"level":"info","message":"Request received: GET /register","service":"user-service"}
{"level":"info","message":"GET /register","service":"user-service"}
{"level":"info","message":"Request received: GET /login","service":"user-service"}
{"level":"info","message":"GET /login","service":"user-service"}
{"level":"info","message":"Request received: GET /register","service":"user-service"}
{"level":"info","message":"GET /register","service":"user-service"}
{"level":"info","message":"Request received: GET /register","service":"user-service"}
{"level":"info","message":"GET /register","service":"user-service"}
{"level":"info","message":"Request received: GET /login","service":"user-service"}
{"level":"info","message":"GET /login","service":"user-service"}
{"level":"info","message":"Request received: GET /register","service":"user-service"}
{"level":"info","message":"GET /register","service":"user-service"}
{"level":"info","message":"Request received: GET /login","service":"user-service"}
{"level":"info","message":"GET /login","service":"user-service"}
{"level":"info","message":"Request received: GET /register","service":"user-service"}
{"level":"info","message":"GET /register","service":"user-service"}
{"level":"info","message":"Request received: GET /login","service":"user-service"}
{"level":"info","message":"GET /login","service":"user-service"}
{"level":"info","message":"Request received: GET /register","service":"user-service"}
{"level":"info","message":"GET /register","service":"user-service"}
{"level":"info","message":"Request received: GET /login","service":"user-service"}
{"level":"info","message":"GET /login","service":"user-service"}
{"level":"info","message":"Request received: GET /register","service":"user-service"}
{"level":"info","message":"GET /register","service":"user-service"}
{"level":"info","message":"Request received: GET /login","service":"user-service"}
{"level":"info","message":"GET /login","service":"user-service"}
{"level":"info","message":"Request received: GET /register","service":"user-service"}
{"level":"info","message":"GET /register","service":"user-service"}
{"level":"info","message":"Request received: GET /login","service":"user-service"}
{"level":"info","message":"GET /login","service":"user-service"}
{"level":"info","message":"Request received: GET /register","service":"user-service"}
{"level":"info","message":"GET /register","service":"user-service"}
{"level":"info","message":"Request received: GET /login","service":"user-service"}
{"level":"info","message":"GET /login","service":"user-service"}
{"level":"info","message":"Request received: GET /register","service":"user-service"}
{"level":"info","message":"GET /register","service":"user-service"}
{"level":"info","message":"Request received: GET /login","service":"user-service"}
{"level":"info","message":"GET /login","service":"user-service"}
{"level":"info","message":"Request received: GET /register","service":"user-service"}
{"level":"info","message":"GET /register","service":"user-service"}
{"level":"info","message":"Request received: GET /login","service":"user-service"}
{"level":"info","message":"GET /login","service":"user-service"}
{"level":"info","message":"Request received: GET /register","service":"user-service"}
{"level":"info","message":"GET /register","service":"user-service"}
{"level":"info","message":"Request received: GET /login","service":"user-service"}
{"level":"info","message":"GET /login","service":"user-service"}
{"level":"info","message":"Request received: GET /register","service":"user-service"}
{"level":"info","message":"GET /register","service":"user-service"}
{"level":"info","message":"Request received: GET /login","service":"user-service"}
{"level":"info","message":"GET /login","service":"user-service"}
{"level":"info","message":"Request received: GET /register","service":"user-service"}
{"level":"info","message":"GET /register","service":"user-service"}
{"level":"info","message":"Request received: GET /login","service":"user-service"}
{"level":"info","message":"GET /login","service":"user-service"}
{"level":"info","message":"Request received: GET /register","service":"user-service"}
{"level":"info","message":"GET /register","service":"user-service"}
{"level":"info","message":"Request received: GET /login","service":"user-service"}
{"level":"info","message":"GET /login","service":"user-service"}
{"level":"info","message":"Request received: GET /register","service":"user-service"}
{"level":"info","message":"GET /register","service":"user-service"}
{"level":"info","message":"Request received: GET /login","service":"user-service"}
{"level":"info","message":"GET /login","service":"user-service"}
{"level":"info","message":"Request received: GET /register","service":"user-service"}
{"level":"info","message":"GET /register","service":"user-service"}
{"level":"info","message":"Request received: GET /login","service":"user-service"}
{"level":"info","message":"GET /login","service":"user-service"}
{"level":"info","message":"Request received: GET /register","service":"user-service"}
{"level":"info","message":"GET /register","service":"user-service"}
{"level":"info","message":"Request received: GET /login","service":"user-service"}
{"level":"info","message":"GET /login","service":"user-service"}
{"level":"info","message":"Request received: GET /register","service":"user-service"}
{"level":"info","message":"GET /register","service":"user-service"}
{"level":"info","message":"Request received: GET /login","service":"user-service"}
{"level":"info","message":"GET /login","service":"user-service"}
{"level":"info","message":"Request received: GET /register","service":"user-service"}
{"level":"info","message":"GET /register","service":"user-service"}
{"level":"info","message":"Request received: GET /login","service":"user-service"}
{"level":"info","message":"GET /login","service":"user-service"}
{"level":"info","message":"Request received: GET /register","service":"user-service"}
{"level":"info","message":"GET /register","service":"user-service"}
{"level":"info","message":"Request received: GET /login","service":"user-service"}
{"level":"info","message":"GET /login","service":"user-service"}
{"level":"info","message":"Request received: GET /register","service":"user-service"}
{"level":"info","message":"GET /register","service":"user-service"}
{"level":"info","message":"Request received: GET /login","service":"user-service"}
{"level":"info","message":"GET /login","service":"user-service"}
{"level":"info","message":"Request received: GET /register","service":"user-service"}
{"level":"info","message":"GET /register","service":"user-service"}
{"level":"info","message":"Request received: GET /login","service":"user-service"}
{"level":"info","message":"GET /login","service":"user-service"}
{"level":"info","message":"Request received: GET /register","service":"user-service"}
{"level":"info","message":"GET /register","service":"user-service"}
{"level":"info","message":"Request received: GET /login","service":"user-service"}
{"level":"info","message":"GET /login","service":"user-service"}
{"level":"info","message":"Request received: GET /register","service":"user-service"}
{"level":"info","message":"GET /register","service":"user-service"}
{"level":"info","message":"Request received: GET /login","service":"user-service"}
{"level":"info","message":"GET /login","service":"user-service"}
{"level":"info","message":"Request received: GET /register","service":"user-service"}
{"level":"info","message":"GET /register","service":"user-service"}
{"level":"info","message":"Request received: GET /login","service":"user-service"}
{"level":"info","message":"GET /login","service":"user-service"}
{"level":"info","message":"Request received: GET /register","service":"user-service"}
{"level":"info","message":"GET /register","service":"user-service"}
{"level":"info","message":"Request received: GET /login","service":"user-service"}
{"level":"info","message":"GET /login","service":"user-service"}
{"level":"info","message":"Request received: GET /register","service":"user-service"}
{"level":"info","message":"GET /register","service":"user-service"}
{"level":"info","message":"Request received: GET /login","service":"user-service"}
{"level":"info","message":"GET /login","service":"user-service"}
{"level":"info","message":"Request received: GET /register","service":"user-service"}
{"level":"info","message":"GET /register","service":"user-service"}
{"level":"info","message":"Request received: GET /login","service":"user-service"}
{"level":"info","message":"GET /login","service":"user-service"}
{"level":"info","message":"Request received: GET /register","service":"user-service"}
{"level":"info","message":"GET /register","service":"user-service"}
{"level":"info","message":"Request received: GET /login","service":"user-service"}
{"level":"info","message":"GET /login","service":"user-service"}
{"level":"info","message":"Request received: GET /register","service":"user-service"}
{"level":"info","message":"GET /register","service":"user-service"}
{"level":"info","message":"Request received: GET /login","service":"user-service"}
{"level":"info","message":"GET /login","service":"user-service"}
{"level":"info","message":"Request received: GET /register","service":"user-service"}
{"level":"info","message":"GET /register","service":"user-service"}
{"level":"info","message":"Request received: GET /login","service":"user-service"}
{"level":"info","message":"GET /login","service":"user-service"}
{"level":"info","message":"Request received: GET /register","service":"user-service"}
{"level":"info","message":"GET /register","service":"user-service"}
{"level":"info","message":"Request received: GET /login","service":"user-service"}
{"level":"info","message":"GET /login","service":"user-service"}
{"level":"info","message":"Request received: GET /register","service":"user-service"}
{"level":"info","message":"GET /register","service":"user-service"}
{"level":"info","message":"Request received: GET /login","service":"user-service"}
{"level":"info","message":"GET /login","service":"user-service"}
{"level":"info","message":"Request received: GET /register","service":"user-service"}
{"level":"info","message":"GET /register","service":"user-service"}
{"level":"info","message":"Request received: GET /login","service":"user-service"}
{"level":"info","message":"GET /login","service":"user-service"}
{"level":"info","message":"Request received: GET /register","service":"user-service"}
{"level":"info","message":"GET /register","service":"user-service"}
{"level":"info","message":"Request received: GET /login","service":"user-service"}
{"level":"info","message":"GET /login","service":"user-service"}
{"level":"info","message":"Request received: GET /register","service":"user-service"}
{"level":"info","message":"GET /register","service":"user-service"}
{"level":"info","message":"Request received: GET /login","service":"user-service"}
{"level":"info","message":"GET /login","service":"user-service"}
{"level":"info","message":"Request received: GET /register","service":"user-service"}
{"level":"info","message":"GET /register","service":"user-service"}
{"level":"info","message":"Request received: GET /login","service":"user-service"}
{"level":"info","message":"GET /login","service":"user-service"}
{"level":"info","message":"Request received: GET /register","service":"user-service"}
{"level":"info","message":"GET /register","service":"user-service"}
{"level":"info","message":"Request received: GET /login","service":"user-service"}
{"level":"info","message":"GET /login","service":"user-service"}
{"level":"info","message":"Request received: GET /register","service":"user-service"}
{"level":"info","message":"GET /register","service":"user-service"}
{"level":"info","message":"Request received: GET /login","service":"user-service"}
{"level":"info","message":"GET /login","service":"user-service"}
{"level":"info","message":"Request received: GET /register","service":"user-service"}
{"level":"info","message":"GET /register","service":"user-service"}
{"level":"info","message":"Request received: GET /login","service":"user-service"}
{"level":"info","message":"GET /login","service":"user-service"}
{"level":"info","message":"Request received: GET /register","service":"user-service"}
{"level":"info","message":"GET /register","service":"user-service"}
{"level":"info","message":"Request received: GET /login","service":"user-service"}
{"level":"info","message":"GET /login","service":"user-service"}
{"level":"info","message":"Request received: GET /register","service":"user-service"}
{"level":"info","message":"GET /register","service":"user-service"}
{"level":"info","message":"Request received: GET /login","service":"user-service"}
{"level":"info","message":"GET /login","service":"user-service"}
{"level":"info","message":"Request received: GET /register","service":"user-service"}
{"level":"info","message":"GET /register","service":"user-service"}
{"level":"info","message":"Request received: GET /login","service":"user-service"}
{"level":"info","message":"GET /login","service":"user-service"}
{"level":"info","message":"Request received: GET /register","service":"user-service"}
{"level":"info","message":"GET /register","service":"user-service"}
{"level":"info","message":"Request received: GET /login","service":"user-service"}
{"level":"info","message":"GET /login","service":"user-service"}
{"level":"info","message":"Request received: GET /register","service":"user-service"}
{"level":"info","message":"GET /register","service":"user-service"}
{"level":"info","message":"Request received: GET /login","service":"user-service"}
{"level":"info","message":"GET /login","service":"user-service"}
{"level":"info","message":"Request received: GET /register","service":"user-service"}
{"level":"info","message":"GET /register","service":"user-service"}
{"level":"info","message":"Request received: GET /login","service":"user-service"}
{"level":"info","message":"GET /login","service":"user-service"}
{"level":"info","message":"Request received: GET /register","service":"user-service"}
{"level":"info","message":"GET /register","service":"user-service"}
{"level":"info","message":"Request received: GET /login","service":"user-service"}
{"level":"info","message":"GET /login","service":"user-service"}
{"level":"info","message":"Request received: GET /register","service":"user-service"}
{"level":"info","message":"GET /register","service":"user-service"}
{"level":"info","message":"Request received: GET /login","service":"user-service"}
{"level":"info","message":"GET /login","service":"user-service"}
{"level":"info","message":"Request received: GET /register","service":"user-service"}
{"level":"info","message":"GET /register","service":"user-service"}
{"level":"info","message":"Request received: GET /login","service":"user-service"}
{"level":"info","message":"GET /login","service":"user-service"}
{"level":"info","message":"Request received: GET /register","service":"user-service"}
{"level":"info","message":"GET /register","service":"user-service"}
{"level":"info","message":"Request received: GET /login","service":"user-service"}
{"level":"info","message":"GET /login","service":"user-service"}
{"level":"info","message":"Request received: GET /register","service":"user-service"}
{"level":"info","message":"GET /register","service":"user-service"}
{"level":"info","message":"Request received: GET /login","service":"user-service"}
{"level":"info","message":"GET /login","service":"user-service"}
{"level":"info","message":"Request received: GET /register","service":"user-service"}
{"level":"info","message":"GET /register","service":"user-service"}
{"level":"info","message":"Request received: GET /login","service":"user-service"}
{"level":"info","message":"GET /login","service":"user-service"}
{"level":"info","message":"Request received: GET /register","service":"user-service"}
{"level":"info","message":"GET /register","service":"user-service"}
{"level":"info","message":"Request received: GET /login","service":"user-service"}
{"level":"info","message":"GET /login","service":"user-service"}
{"level":"info","message":"Request received: GET /register","service":"user-service"}
{"level":"info","message":"GET /register","service":"user-service"}
{"level":"info","message":"Request received: GET /login","service":"user-service"}
{"level":"info","message":"GET /login","service":"user-service"}
{"level":"info","message":"Request received: GET /register","service":"user-service"}
{"level":"info","message":"GET /register","service":"user-service"}
{"level":"info","message":"Request received: GET /login","service":"user-service"}
{"level":"info","message":"GET /login","service":"user-service"}
{"level":"info","message":"Request received: GET /register","service":"user-service"}
{"level":"info","message":"GET /register","service":"user-service"}
{"level":"info","message":"Request received: GET /login","service":"user-service"}
{"level":"info","message":"GET /login","service":"user-service"}
{"level":"info","message":"Request received: GET /register","service":"user-service"}
{"level":"info","message":"GET /register","service":"user-service"}
{"level":"info","message":"Request received: GET /login","service":"user-service"}
{"level":"info","message":"GET /login","service":"user-service"}
{"level":"info","message":"Request received: GET /register","service":"user-service"}
{"level":"info","message":"GET /register","service":"user-service"}
{"level":"info","message":"Request received: GET /register","service":"user-service"}
{"level":"info","message":"GET /register","service":"user-service"}
{"level":"info","message":"Request received: GET /login","service":"user-service"}
{"level":"info","message":"GET /login","service":"user-service"}
{"level":"info","message":"Request received: GET /register","service":"user-service"}
{"level":"info","message":"GET /register","service":"user-service"}
{"level":"info","message":"Request received: GET /login","service":"user-service"}
{"level":"info","message":"GET /login","service":"user-service"}
{"level":"info","message":"Request received: GET /register","service":"user-service"}
{"level":"info","message":"GET /register","service":"user-service"}
{"level":"info","message":"Request received: GET /login","service":"user-service"}
{"level":"info","message":"GET /login","service":"user-service"}
{"level":"info","message":"Request received: GET /register","service":"user-service"}
{"level":"info","message":"GET /register","service":"user-service"}
{"level":"info","message":"Request received: GET /login","service":"user-service"}
{"level":"info","message":"GET /login","service":"user-service"}
{"level":"info","message":"Request received: GET /register","service":"user-service"}
{"level":"info","message":"GET /register","service":"user-service"}
{"level":"info","message":"Request received: GET /register","service":"user-service"}
{"level":"info","message":"GET /register","service":"user-service"}
{"level":"info","message":"Request received: GET /login","service":"user-service"}
{"level":"info","message":"GET /login","service":"user-service"}
{"level":"info","message":"Request received: GET /register","service":"user-service"}
{"level":"info","message":"GET /register","service":"user-service"}
{"level":"info","message":"Request received: GET /login","service":"user-service"}
{"level":"info","message":"GET /login","service":"user-service"}
{"level":"info","message":"Request received: GET /register","service":"user-service"}
{"level":"info","message":"GET /register","service":"user-service"}
{"level":"info","message":"Request received: GET /login","service":"user-service"}
{"level":"info","message":"GET /login","service":"user-service"}
{"level":"info","message":"Starting application","service":"user-service"}
{"level":"info","message":"Connected to MongoDB","service":"user-service"}
{"level":"info","message":"Server is running on port 3000","service":"user-service"}
{"level":"info","message":"Request received: GET /register","service":"user-service"}
{"level":"info","message":"GET /register","service":"user-service"}
{"level":"info","message":"Request received: GET /login","service":"user-service"}
{"level":"info","message":"GET /login","service":"user-service"}
{"level":"info","message":"Request received: GET /register","service":"user-service"}
{"level":"info","message":"GET /register","service":"user-service"}
{"level":"info","message":"Request received: GET /login","service":"user-service"}
{"level":"info","message":"GET /login","service":"user-service"}
{"level":"info","message":"Request received: GET /register","service":"user-service"}
{"level":"info","message":"GET /register","service":"user-service"}
{"level":"info","message":"Request received: GET /login","service":"user-service"}
{"level":"info","message":"GET /login","service":"user-service"}
{"level":"info","message":"Request received: GET /register","service":"user-service"}
{"level":"info","message":"GET /register","service":"user-service"}
{"level":"info","message":"Request received: GET /login","service":"user-service"}
{"level":"info","message":"GET /login","service":"user-service"}
{"level":"info","message":"Request received: GET /register","service":"user-service"}
{"level":"info","message":"GET /register","service":"user-service"}
{"level":"info","message":"Request received: GET /login","service":"user-service"}
{"level":"info","message":"GET /login","service":"user-service"}
{"level":"info","message":"Request received: GET /register","service":"user-service"}
{"level":"info","message":"GET /register","service":"user-service"}
{"level":"info","message":"Request received: GET /register","service":"user-service"}
{"level":"info","message":"GET /register","service":"user-service"}
{"level":"info","message":"Request received: GET /login","service":"user-service"}
{"level":"info","message":"GET /login","service":"user-service"}
{"level":"info","message":"Request received: GET /register","service":"user-service"}
{"level":"info","message":"GET /register","service":"user-service"}
{"level":"info","message":"Request received: GET /login","service":"user-service"}
{"level":"info","message":"GET /login","service":"user-service"}
{"level":"info","message":"Request received: GET /register","service":"user-service"}
{"level":"info","message":"GET /register","service":"user-service"}
{"level":"info","message":"Request received: GET /login","service":"user-service"}
{"level":"info","message":"GET /login","service":"user-service"}
{"level":"info","message":"Request received: GET /public/slyndlogoheader.png","service":"user-service"}
{"level":"error","message":"404 - Not Found - /public/slyndlogoheader.png - GET - ::1","service":"user-service"}
{"level":"info","message":"Request received: GET /login","service":"user-service"}
{"level":"info","message":"GET /login","service":"user-service"}
{"level":"info","message":"Request received: GET /public/logo.png","service":"user-service"}
{"level":"error","message":"404 - Not Found - /public/logo.png - GET - ::1","service":"user-service"}
{"level":"info","message":"Request received: GET /login","service":"user-service"}
{"level":"info","message":"GET /login","service":"user-service"}
{"level":"info","message":"Request received: GET /public/logo.png","service":"user-service"}
{"level":"error","message":"404 - Not Found - /public/logo.png - GET - ::1","service":"user-service"}
{"level":"info","message":"Request received: GET /login","service":"user-service"}
{"level":"info","message":"GET /login","service":"user-service"}
{"level":"info","message":"Request received: GET /public/logo.png","service":"user-service"}
{"level":"error","message":"404 - Not Found - /public/logo.png - GET - ::1","service":"user-service"}
{"level":"info","message":"Request received: GET /login","service":"user-service"}
{"level":"info","message":"GET /login","service":"user-service"}
{"level":"info","message":"Request received: GET /public/logo.png","service":"user-service"}
{"level":"error","message":"404 - Not Found - /public/logo.png - GET - ::1","service":"user-service"}
{"level":"info","message":"Request received: GET /login","service":"user-service"}
{"level":"info","message":"GET /login","service":"user-service"}
{"level":"info","message":"Request received: GET /public/logo.png","service":"user-service"}
{"level":"error","message":"404 - Not Found - /public/logo.png - GET - ::1","service":"user-service"}
{"level":"info","message":"Request received: GET /login","service":"user-service"}
{"level":"info","message":"GET /login","service":"user-service"}
{"level":"info","message":"Request received: GET /public/logo.png","service":"user-service"}
{"level":"error","message":"404 - Not Found - /public/logo.png - GET - ::1","service":"user-service"}
{"level":"info","message":"Request received: GET /login","service":"user-service"}
{"level":"info","message":"GET /login","service":"user-service"}
{"level":"info","message":"Request received: GET /public/logo.png","service":"user-service"}
{"level":"error","message":"404 - Not Found - /public/logo.png - GET - ::1","service":"user-service"}
{"level":"info","message":"Request received: GET /login","service":"user-service"}
{"level":"info","message":"GET /login","service":"user-service"}
{"level":"info","message":"Request received: GET /public/logo.png","service":"user-service"}
{"level":"error","message":"404 - Not Found - /public/logo.png - GET - ::1","service":"user-service"}
{"level":"info","message":"Request received: GET /login","service":"user-service"}
{"level":"info","message":"GET /login","service":"user-service"}
{"level":"info","message":"Request received: GET /public/logo.png","service":"user-service"}
{"level":"error","message":"404 - Not Found - /public/logo.png - GET - ::1","service":"user-service"}
{"level":"info","message":"Request received: GET /register","service":"user-service"}
{"level":"info","message":"GET /register","service":"user-service"}
{"level":"info","message":"Request received: GET /public/logo.png","service":"user-service"}
{"level":"error","message":"404 - Not Found - /public/logo.png - GET - ::1","service":"user-service"}
{"level":"info","message":"Starting application","service":"user-service"}
{"level":"info","message":"Connected to MongoDB","service":"user-service"}
{"level":"info","message":"Server is running on port 3000","service":"user-service"}
{"level":"info","message":"Request received: GET /login","service":"user-service"}
{"level":"info","message":"GET /login","service":"user-service"}
{"level":"info","message":"Request received: GET /public/logo.png","service":"user-service"}
{"level":"error","message":"404 - Not Found - /public/logo.png - GET - ::1","service":"user-service"}
