{"level":"error","message":"404 - Not Found - /login - GET - ::1","service":"user-service"}
{"level":"error","message":"404 - Not Found - /login - GET - ::1","service":"user-service"}
{"level":"error","message":"404 - Not Found - /register - GET - ::1","service":"user-service"}
{"level":"error","message":"404 - Not Found - /register - GET - ::1","service":"user-service"}
{"level":"error","message":"404 - Not Found - /login - GET - ::1","service":"user-service"}
{"level":"error","message":"404 - Not Found - /login - GET - ::1","service":"user-service"}
{"level":"error","message":"404 - Not Found - /register - GET - ::1","service":"user-service"}
{"level":"error","message":"404 - Not Found - /favicon.ico - GET - ::1","service":"user-service"}
{"level":"error","message":"404 - Not Found - / - GET - ::1","service":"user-service"}
{"level":"error","message":"404 - Not Found - / - GET - ::1","service":"user-service"}
{"level":"error","message":"404 - Not Found - / - GET - ::1","service":"user-service"}
{"level":"error","message":"404 - Not Found - / - GET - ::1","service":"user-service"}
{"level":"error","message":"404 - Not Found - / - GET - ::1","service":"user-service"}
{"level":"error","message":"404 - Not Found - / - GET - ::1","service":"user-service"}
{"level":"error","message":"404 - Not Found - / - GET - ::1","service":"user-service"}
{"level":"error","message":"404 - Not Found - / - GET - ::1","service":"user-service"}
{"level":"error","message":"404 - Not Found - / - GET - ::1","service":"user-service"}
{"level":"error","message":"404 - Not Found - / - GET - ::1","service":"user-service"}
{"level":"error","message":"404 - Not Found - / - GET - ::1","service":"user-service"}
{"level":"error","message":"404 - Not Found - / - GET - ::1","service":"user-service"}
{"level":"error","message":"404 - Not Found - /public/slyndlogoheader.png - GET - ::1","service":"user-service"}
{"level":"error","message":"404 - Not Found - /public/logo.png - GET - ::1","service":"user-service"}
{"level":"error","message":"404 - Not Found - /public/logo.png - GET - ::1","service":"user-service"}
{"level":"error","message":"404 - Not Found - /public/logo.png - GET - ::1","service":"user-service"}
{"level":"error","message":"404 - Not Found - /public/logo.png - GET - ::1","service":"user-service"}
{"level":"error","message":"404 - Not Found - /public/logo.png - GET - ::1","service":"user-service"}
{"level":"error","message":"404 - Not Found - /public/logo.png - GET - ::1","service":"user-service"}
{"level":"error","message":"404 - Not Found - /public/logo.png - GET - ::1","service":"user-service"}
{"level":"error","message":"404 - Not Found - /public/logo.png - GET - ::1","service":"user-service"}
{"level":"error","message":"404 - Not Found - /public/logo.png - GET - ::1","service":"user-service"}
{"level":"error","message":"404 - Not Found - /public/logo.png - GET - ::1","service":"user-service"}
{"level":"error","message":"404 - Not Found - /public/logo.png - GET - ::1","service":"user-service"}
